<?xml version="1.0" encoding="UTF-8"?>
<!-- Generated by org.testng.reporters.JUnitXMLReporter -->
<testsuite hostname="USBLRCKUMARSIN6" ignored="0" name="Default test" tests="4" failures="0" timestamp="20 Aug 2018 12:26:35 GMT" time="78.275" errors="0">
  <testcase name="TC01AllBtnsDsplydTest" time="0.312" classname="com.hpi.test.SanitySuiteExecution.ContactSupport_SanityExecution"/>
  <testcase name="TC_ClickFndOutMoreLinkTest" time="5.576" classname="com.hpi.test.SanitySuiteExecution.ContactSupport_SanityExecution"/>
  <testcase name="TC_PrinterLandingTest" time="1.744" classname="com.hpi.test.SanitySuiteExecution.ContactSupport_SanityExecution"/>
  <testcase name="TC_VerifySubmitBtnTest" time="0.879" classname="com.hpi.test.SanitySuiteExecution.ContactSupport_SanityExecution"/>
</testsuite> <!-- Default test -->
