<?xml version="1.0" encoding="UTF-8"?>
<testng-results skipped="0" failed="0" ignored="0" total="4" passed="4">
  <reporter-output>
  </reporter-output>
  <suite name="Default suite" duration-ms="78275" started-at="2018-08-20T12:25:17Z" finished-at="2018-08-20T12:26:35Z">
    <groups>
    </groups>
    <test name="Default test" duration-ms="78275" started-at="2018-08-20T12:25:17Z" finished-at="2018-08-20T12:26:35Z">
      <class name="com.hpi.test.SanitySuiteExecution.ContactSupport_SanityExecution">
        <test-method status="PASS" signature="setup()[pri:0, instance:com.hpi.test.SanitySuiteExecution.ContactSupport_SanityExecution@3043fe0e]" name="setup" is-config="true" duration-ms="15585" started-at="2018-08-20T12:25:17Z" finished-at="2018-08-20T12:25:32Z">
          <reporter-output>
          </reporter-output>
        </test-method> <!-- setup -->
        <test-method status="PASS" signature="TC01AllBtnsDsplydTest()[pri:0, instance:com.hpi.test.SanitySuiteExecution.ContactSupport_SanityExecution@3043fe0e]" name="TC01AllBtnsDsplydTest" duration-ms="312" started-at="2018-08-20T12:25:32Z" finished-at="2018-08-20T12:25:33Z">
          <reporter-output>
          </reporter-output>
        </test-method> <!-- TC01AllBtnsDsplydTest -->
        <test-method status="PASS" signature="screenshot(org.testng.ITestResult)[pri:0, instance:com.hpi.test.SanitySuiteExecution.ContactSupport_SanityExecution@3043fe0e]" name="screenshot" is-config="true" duration-ms="1271" started-at="2018-08-20T12:25:33Z" finished-at="2018-08-20T12:25:34Z">
          <params>
            <param index="0">
              <value>
                <![CDATA[[TestResult name=TC01AllBtnsDsplydTest status=SUCCESS method=ContactSupport_SanityExecution.TC01AllBtnsDsplydTest()[pri:0, instance:com.hpi.test.SanitySuiteExecution.ContactSupport_SanityExecution@3043fe0e] output={null}]]]>
              </value>
            </param>
          </params>
          <reporter-output>
          </reporter-output>
        </test-method> <!-- screenshot -->
        <test-method status="PASS" signature="setup()[pri:0, instance:com.hpi.test.SanitySuiteExecution.ContactSupport_SanityExecution@3043fe0e]" name="setup" is-config="true" duration-ms="13769" started-at="2018-08-20T12:25:34Z" finished-at="2018-08-20T12:25:48Z">
          <reporter-output>
          </reporter-output>
        </test-method> <!-- setup -->
        <test-method status="PASS" signature="TC_ClickFndOutMoreLinkTest()[pri:0, instance:com.hpi.test.SanitySuiteExecution.ContactSupport_SanityExecution@3043fe0e]" name="TC_ClickFndOutMoreLinkTest" duration-ms="5576" started-at="2018-08-20T12:25:48Z" finished-at="2018-08-20T12:25:53Z">
          <reporter-output>
          </reporter-output>
        </test-method> <!-- TC_ClickFndOutMoreLinkTest -->
        <test-method status="PASS" signature="screenshot(org.testng.ITestResult)[pri:0, instance:com.hpi.test.SanitySuiteExecution.ContactSupport_SanityExecution@3043fe0e]" name="screenshot" is-config="true" duration-ms="1263" started-at="2018-08-20T12:25:53Z" finished-at="2018-08-20T12:25:55Z">
          <params>
            <param index="0">
              <value>
                <![CDATA[[TestResult name=TC_ClickFndOutMoreLinkTest status=SUCCESS method=ContactSupport_SanityExecution.TC_ClickFndOutMoreLinkTest()[pri:0, instance:com.hpi.test.SanitySuiteExecution.ContactSupport_SanityExecution@3043fe0e] output={null}]]]>
              </value>
            </param>
          </params>
          <reporter-output>
          </reporter-output>
        </test-method> <!-- screenshot -->
        <test-method status="PASS" signature="setup()[pri:0, instance:com.hpi.test.SanitySuiteExecution.ContactSupport_SanityExecution@3043fe0e]" name="setup" is-config="true" duration-ms="15656" started-at="2018-08-20T12:25:55Z" finished-at="2018-08-20T12:26:10Z">
          <reporter-output>
          </reporter-output>
        </test-method> <!-- setup -->
        <test-method status="PASS" signature="TC_PrinterLandingTest()[pri:0, instance:com.hpi.test.SanitySuiteExecution.ContactSupport_SanityExecution@3043fe0e]" name="TC_PrinterLandingTest" duration-ms="1744" started-at="2018-08-20T12:26:10Z" finished-at="2018-08-20T12:26:12Z">
          <reporter-output>
          </reporter-output>
        </test-method> <!-- TC_PrinterLandingTest -->
        <test-method status="PASS" signature="screenshot(org.testng.ITestResult)[pri:0, instance:com.hpi.test.SanitySuiteExecution.ContactSupport_SanityExecution@3043fe0e]" name="screenshot" is-config="true" duration-ms="1283" started-at="2018-08-20T12:26:12Z" finished-at="2018-08-20T12:26:13Z">
          <params>
            <param index="0">
              <value>
                <![CDATA[[TestResult name=TC_PrinterLandingTest status=SUCCESS method=ContactSupport_SanityExecution.TC_PrinterLandingTest()[pri:0, instance:com.hpi.test.SanitySuiteExecution.ContactSupport_SanityExecution@3043fe0e] output={null}]]]>
              </value>
            </param>
          </params>
          <reporter-output>
          </reporter-output>
        </test-method> <!-- screenshot -->
        <test-method status="PASS" signature="setup()[pri:0, instance:com.hpi.test.SanitySuiteExecution.ContactSupport_SanityExecution@3043fe0e]" name="setup" is-config="true" duration-ms="19558" started-at="2018-08-20T12:26:13Z" finished-at="2018-08-20T12:26:33Z">
          <reporter-output>
          </reporter-output>
        </test-method> <!-- setup -->
        <test-method status="PASS" signature="TC_VerifySubmitBtnTest()[pri:0, instance:com.hpi.test.SanitySuiteExecution.ContactSupport_SanityExecution@3043fe0e]" name="TC_VerifySubmitBtnTest" duration-ms="879" started-at="2018-08-20T12:26:33Z" finished-at="2018-08-20T12:26:34Z">
          <reporter-output>
          </reporter-output>
        </test-method> <!-- TC_VerifySubmitBtnTest -->
        <test-method status="PASS" signature="screenshot(org.testng.ITestResult)[pri:0, instance:com.hpi.test.SanitySuiteExecution.ContactSupport_SanityExecution@3043fe0e]" name="screenshot" is-config="true" duration-ms="1315" started-at="2018-08-20T12:26:34Z" finished-at="2018-08-20T12:26:35Z">
          <params>
            <param index="0">
              <value>
                <![CDATA[[TestResult name=TC_VerifySubmitBtnTest status=SUCCESS method=ContactSupport_SanityExecution.TC_VerifySubmitBtnTest()[pri:0, instance:com.hpi.test.SanitySuiteExecution.ContactSupport_SanityExecution@3043fe0e] output={null}]]]>
              </value>
            </param>
          </params>
          <reporter-output>
          </reporter-output>
        </test-method> <!-- screenshot -->
      </class> <!-- com.hpi.test.SanitySuiteExecution.ContactSupport_SanityExecution -->
    </test> <!-- Default test -->
  </suite> <!-- Default suite -->
</testng-results>
